Arguments: 
  C:\Program Files\nodejs\node.exe C:\Users\Yvonne Fang\AppData\Local\node\corepack\yarn\1.22.19\bin\yarn.js add tslib

PATH: 
  C:\Program Files\NVIDIA GPU Computing Toolkit\CUDA\v11.8\bin;C:\Program Files\NVIDIA GPU Computing Toolkit\CUDA\v11.8\libnvvp;;C:\Python310\Scripts\;C:\Python310\;C:\Program Files (x86)\Common Files\Oracle\Java\javapath;C:\Program Files (x86)\Razer Chroma SDK\bin;C:\Program Files\Razer Chroma SDK\bin;C:\Program Files (x86)\Razer\ChromaBroadcast\bin;C:\Program Files\Razer\ChromaBroadcast\bin;C:\Windows\system32;C:\Windows;C:\Windows\System32\Wbem;C:\Windows\System32\WindowsPowerShell\v1.0\;C:\Windows\System32\OpenSSH\;C:\Program Files (x86)\NVIDIA Corporation\PhysX\Common;C:\Program Files\NVIDIA Corporation\NVIDIA NvDLISR;C:\Windows\system32\config\systemprofile\AppData\Local\Microsoft\WindowsApps;C:\Users\Yvonne Fang\AppData\Roaming\nvm;C:\Program Files\nodejs;C:\ProgramData\chocolatey\bin;C:\Program Files\dotnet\;C:\Program Files\mingw-w64\x86_64-8.1.0-release-posix-seh-rt_v6-rev0\mingw64\bin;C:\Program Files\Git\cmd;C:\Program Files\nodejs\;C:\Program Files\NVIDIA Corporation\Nsight Compute 2022.3.0\;C:\WINDOWS\system32;C:\WINDOWS;C:\WINDOWS\System32\Wbem;C:\WINDOWS\System32\WindowsPowerShell\v1.0\;C:\WINDOWS\System32\OpenSSH\;C:\Users\Yvonne Fang\AppData\Local\Programs\Python\Python39;C:\Users\Yvonne Fang\AppData\Local\Microsoft\WindowsApps;C:\Users\Yvonne Fang\AppData\Local\GitHubDesktop\bin;C:\Users\Yvonne Fang\AppData\Roaming\nvm;C:\Program Files\nodejs;C:\Users\Yvonne Fang\AppData\Local\Programs\Python\Python39\Scripts;C:\Users\Yvonne Fang\.dotnet\tools;C:\Users\Yvonne Fang\AppData\Roaming\npm;C:\Users\Yvonne Fang\Downloads\arduino-cli_0.32.2_Windows_64bit;C:\ProgramData\Anaconda3\Scripts;C:\ProgramData\Anaconda3;C:\ProgramData\Anaconda3\bin;C:\Program Files\heroku\bin;C:\Users\Yvonne Fang\AppData\Local\Google\Cloud SDK\google-cloud-sdk\bin

Yarn version: 
  1.22.19

Node version: 
  19.7.0

Platform: 
  win32 x64

Trace: 
  Error: EPERM: operation not permitted, unlink 'C:\Users\Yvonne Fang\Documents\Yvonne\aitoolprototypes\lcmexperiment\node_modules\@next\swc-win32-x64-msvc\next-swc.win32-x64-msvc.node'

npm manifest: 
  {
    "name": "lcmexperiment",
    "version": "0.1.0",
    "private": true,
    "scripts": {
      "dev": "next dev",
      "build": "next build",
      "start": "next start",
      "lint": "next lint"
    },
    "dependencies": {
      "react": "^18",
      "react-dom": "^18",
      "next": "14.0.4"
    },
    "devDependencies": {
      "typescript": "^5",
      "@types/node": "^20",
      "@types/react": "^18",
      "@types/react-dom": "^18",
      "autoprefixer": "^10.0.1",
      "postcss": "^8",
      "tailwindcss": "^3.3.0",
      "eslint": "^8",
      "eslint-config-next": "14.0.4"
    }
  }

yarn manifest: 
  No manifest

Lockfile: 
  No lockfile
